<?xml version="1.0" encoding="UTF-8"?>
<testsuite name="com.ml.shortener.ApplicationTests" tests="1" skipped="0" failures="0" errors="0" timestamp="2020-02-19T19:32:33" hostname="CL-IT00406" time="0.259">
  <properties/>
  <testcase name="contextLoads" classname="com.ml.shortener.ApplicationTests" time="0.259"/>
  <system-out><![CDATA[16:32:30.444 [Test worker] DEBUG org.springframework.test.context.junit4.SpringJUnit4ClassRunner - SpringJUnit4ClassRunner constructor called with [class com.ml.shortener.ApplicationTests]
16:32:30.449 [Test worker] DEBUG org.springframework.test.context.BootstrapUtils - Instantiating CacheAwareContextLoaderDelegate from class [org.springframework.test.context.cache.DefaultCacheAwareContextLoaderDelegate]
16:32:30.462 [Test worker] DEBUG org.springframework.test.context.BootstrapUtils - Instantiating BootstrapContext using constructor [public org.springframework.test.context.support.DefaultBootstrapContext(java.lang.Class,org.springframework.test.context.CacheAwareContextLoaderDelegate)]
16:32:30.473 [Test worker] DEBUG org.springframework.test.context.BootstrapUtils - Instantiating TestContextBootstrapper for test class [com.ml.shortener.ApplicationTests] from class [org.springframework.boot.test.context.SpringBootTestContextBootstrapper]
16:32:30.479 [Test worker] INFO org.springframework.boot.test.context.SpringBootTestContextBootstrapper - Neither @ContextConfiguration nor @ContextHierarchy found for test class [com.ml.shortener.ApplicationTests], using SpringBootContextLoader
16:32:30.481 [Test worker] DEBUG org.springframework.test.context.support.AbstractContextLoader - Did not detect default resource location for test class [com.ml.shortener.ApplicationTests]: class path resource [com/ml/shortener/ApplicationTests-context.xml] does not exist
16:32:30.482 [Test worker] DEBUG org.springframework.test.context.support.AbstractContextLoader - Did not detect default resource location for test class [com.ml.shortener.ApplicationTests]: class path resource [com/ml/shortener/ApplicationTestsContext.groovy] does not exist
16:32:30.482 [Test worker] INFO org.springframework.test.context.support.AbstractContextLoader - Could not detect default resource locations for test class [com.ml.shortener.ApplicationTests]: no resource found for suffixes {-context.xml, Context.groovy}.
16:32:30.482 [Test worker] INFO org.springframework.test.context.support.AnnotationConfigContextLoaderUtils - Could not detect default configuration classes for test class [com.ml.shortener.ApplicationTests]: ApplicationTests does not declare any static, non-private, non-final, nested classes annotated with @Configuration.
16:32:30.506 [Test worker] DEBUG org.springframework.test.context.support.ActiveProfilesUtils - Could not find an 'annotation declaring class' for annotation type [org.springframework.test.context.ActiveProfiles] and class [com.ml.shortener.ApplicationTests]
16:32:30.544 [Test worker] DEBUG org.springframework.context.annotation.ClassPathScanningCandidateComponentProvider - Identified candidate component class: file [/Users/gonzalo.salas/enviroment/back-end-workspace/ml-url-shortener/build/classes/java/main/com/ml/shortener/Application.class]
16:32:30.545 [Test worker] INFO org.springframework.boot.test.context.SpringBootTestContextBootstrapper - Found @SpringBootConfiguration com.ml.shortener.Application for test class com.ml.shortener.ApplicationTests
16:32:30.597 [Test worker] DEBUG org.springframework.boot.test.context.SpringBootTestContextBootstrapper - @TestExecutionListeners is not present for class [com.ml.shortener.ApplicationTests]: using defaults.
16:32:30.598 [Test worker] INFO org.springframework.boot.test.context.SpringBootTestContextBootstrapper - Loaded default TestExecutionListener class names from location [META-INF/spring.factories]: [org.springframework.boot.test.autoconfigure.restdocs.RestDocsTestExecutionListener, org.springframework.boot.test.autoconfigure.web.client.MockRestServiceServerResetTestExecutionListener, org.springframework.boot.test.autoconfigure.web.servlet.MockMvcPrintOnlyOnFailureTestExecutionListener, org.springframework.boot.test.autoconfigure.web.servlet.WebDriverTestExecutionListener, org.springframework.boot.test.mock.mockito.MockitoTestExecutionListener, org.springframework.boot.test.mock.mockito.ResetMocksTestExecutionListener, org.springframework.test.context.web.ServletTestExecutionListener, org.springframework.test.context.support.DirtiesContextBeforeModesTestExecutionListener, org.springframework.test.context.support.DependencyInjectionTestExecutionListener, org.springframework.test.context.support.DirtiesContextTestExecutionListener, org.springframework.test.context.transaction.TransactionalTestExecutionListener, org.springframework.test.context.jdbc.SqlScriptsTestExecutionListener]
16:32:30.607 [Test worker] INFO org.springframework.boot.test.context.SpringBootTestContextBootstrapper - Using TestExecutionListeners: [org.springframework.test.context.web.ServletTestExecutionListener@3a6571e, org.springframework.test.context.support.DirtiesContextBeforeModesTestExecutionListener@227c91a2, org.springframework.boot.test.mock.mockito.MockitoTestExecutionListener@6c0965fc, org.springframework.boot.test.autoconfigure.SpringBootDependencyInjectionTestExecutionListener@779fd6d3, org.springframework.test.context.support.DirtiesContextTestExecutionListener@46307199, org.springframework.test.context.transaction.TransactionalTestExecutionListener@7097c, org.springframework.test.context.jdbc.SqlScriptsTestExecutionListener@2786ba05, org.springframework.boot.test.autoconfigure.restdocs.RestDocsTestExecutionListener@2ea6d968, org.springframework.boot.test.autoconfigure.web.client.MockRestServiceServerResetTestExecutionListener@6bdfd99c, org.springframework.boot.test.autoconfigure.web.servlet.MockMvcPrintOnlyOnFailureTestExecutionListener@532b6172, org.springframework.boot.test.autoconfigure.web.servlet.WebDriverTestExecutionListener@416faf80, org.springframework.boot.test.mock.mockito.ResetMocksTestExecutionListener@591a535c]
16:32:30.609 [Test worker] DEBUG org.springframework.test.annotation.ProfileValueUtils - Retrieved @ProfileValueSourceConfiguration [null] for test class [com.ml.shortener.ApplicationTests]
16:32:30.609 [Test worker] DEBUG org.springframework.test.annotation.ProfileValueUtils - Retrieved ProfileValueSource type [class org.springframework.test.annotation.SystemProfileValueSource] for class [com.ml.shortener.ApplicationTests]
16:32:30.610 [Test worker] DEBUG org.springframework.test.annotation.ProfileValueUtils - Retrieved @ProfileValueSourceConfiguration [null] for test class [com.ml.shortener.ApplicationTests]
16:32:30.610 [Test worker] DEBUG org.springframework.test.annotation.ProfileValueUtils - Retrieved ProfileValueSource type [class org.springframework.test.annotation.SystemProfileValueSource] for class [com.ml.shortener.ApplicationTests]
16:32:30.613 [Test worker] DEBUG org.springframework.test.context.support.AbstractDirtiesContextTestExecutionListener - Before test class: context [DefaultTestContext@7d957ab9 testClass = ApplicationTests, testInstance = [null], testMethod = [null], testException = [null], mergedContextConfiguration = [WebMergedContextConfiguration@33c11b47 testClass = ApplicationTests, locations = '{}', classes = '{class com.ml.shortener.Application}', contextInitializerClasses = '[]', activeProfiles = '{}', propertySourceLocations = '{}', propertySourceProperties = '{org.springframework.boot.test.context.SpringBootTestContextBootstrapper=true}', contextCustomizers = set[org.springframework.boot.test.autoconfigure.properties.PropertyMappingContextCustomizer@0, org.springframework.boot.test.autoconfigure.web.servlet.WebDriverContextCustomizerFactory$Customizer@4a2745c1, org.springframework.boot.test.context.filter.ExcludeFilterContextCustomizer@9b32301, org.springframework.boot.test.json.DuplicateJsonObjectContextCustomizerFactory$DuplicateJsonObjectContextCustomizer@49eb2153, org.springframework.boot.test.mock.mockito.MockitoContextCustomizer@0, org.springframework.boot.test.web.client.TestRestTemplateContextCustomizer@f8d8ca4], resourceBasePath = 'src/main/webapp', contextLoader = 'org.springframework.boot.test.context.SpringBootContextLoader', parent = [null]], attributes = map['org.springframework.test.context.web.ServletTestExecutionListener.activateListener' -> true]], class annotated with @DirtiesContext [false] with mode [null].
16:32:30.613 [Test worker] DEBUG org.springframework.test.annotation.ProfileValueUtils - Retrieved @ProfileValueSourceConfiguration [null] for test class [com.ml.shortener.ApplicationTests]
16:32:30.614 [Test worker] DEBUG org.springframework.test.annotation.ProfileValueUtils - Retrieved ProfileValueSource type [class org.springframework.test.annotation.SystemProfileValueSource] for class [com.ml.shortener.ApplicationTests]
16:32:30.627 [Test worker] DEBUG org.springframework.test.context.support.TestPropertySourceUtils - Adding inlined properties to environment: {spring.jmx.enabled=false, org.springframework.boot.test.context.SpringBootTestContextBootstrapper=true, server.port=-1}

  .   ____          _            __ _ _
 /\\ / ___'_ __ _ _(_)_ __  __ _ \ \ \ \
( ( )\___ | '_ | '_| | '_ \/ _` | \ \ \ \
 \\/  ___)| |_)| | | | | || (_| |  ) ) ) )
  '  |____| .__|_| |_|_| |_\__, | / / / /
 =========|_|==============|___/=/_/_/_/
 :: Spring Boot ::  (v2.1.13.BUILD-SNAPSHOT)

2020-02-19 16:32:30.839  INFO 61291 --- [    Test worker] com.ml.shortener.ApplicationTests        : Starting ApplicationTests on CL-IT00406 with PID 61291 (started by gonzalo.salas in /Users/gonzalo.salas/enviroment/back-end-workspace/ml-url-shortener)
2020-02-19 16:32:30.840  INFO 61291 --- [    Test worker] com.ml.shortener.ApplicationTests        : No active profile set, falling back to default profiles: default
2020-02-19 16:32:31.474  INFO 61291 --- [    Test worker] .s.d.r.c.RepositoryConfigurationDelegate : Bootstrapping Spring Data MongoDB repositories in DEFAULT mode.
2020-02-19 16:32:31.538  INFO 61291 --- [    Test worker] .s.d.r.c.RepositoryConfigurationDelegate : Finished Spring Data repository scanning in 59ms. Found 2 MongoDB repository interfaces.
2020-02-19 16:32:31.995  INFO 61291 --- [    Test worker] org.mongodb.driver.cluster               : Cluster created with settings {hosts=[127.0.0.1:27017], mode=SINGLE, requiredClusterType=UNKNOWN, serverSelectionTimeout='30000 ms', maxWaitQueueSize=500}
2020-02-19 16:32:32.046  INFO 61291 --- [127.0.0.1:27017] org.mongodb.driver.connection            : Opened connection [connectionId{localValue:1, serverValue:157}] to 127.0.0.1:27017
2020-02-19 16:32:32.050  INFO 61291 --- [127.0.0.1:27017] org.mongodb.driver.cluster               : Monitor thread successfully connected to server with description ServerDescription{address=127.0.0.1:27017, type=STANDALONE, state=CONNECTED, ok=true, version=ServerVersion{versionList=[4, 0, 1]}, minWireVersion=0, maxWireVersion=7, maxDocumentSize=16777216, logicalSessionTimeoutMinutes=30, roundTripTimeNanos=2749498}
2020-02-19 16:32:32.095  WARN 61291 --- [    Test worker] o.s.data.convert.CustomConversions       : Registering converter from class java.time.LocalDateTime to class java.time.Instant as reading converter although it doesn't convert from a store-supported type! You might want to check your annotation setup at the converter implementation.
2020-02-19 16:32:32.095  WARN 61291 --- [    Test worker] o.s.data.convert.CustomConversions       : Registering converter from class java.time.Instant to class java.time.LocalDateTime as reading converter although it doesn't convert from a store-supported type! You might want to check your annotation setup at the converter implementation.
2020-02-19 16:32:32.150  WARN 61291 --- [    Test worker] o.s.data.convert.CustomConversions       : Registering converter from class java.time.LocalDateTime to class java.time.Instant as reading converter although it doesn't convert from a store-supported type! You might want to check your annotation setup at the converter implementation.
2020-02-19 16:32:32.151  WARN 61291 --- [    Test worker] o.s.data.convert.CustomConversions       : Registering converter from class java.time.Instant to class java.time.LocalDateTime as reading converter although it doesn't convert from a store-supported type! You might want to check your annotation setup at the converter implementation.
2020-02-19 16:32:32.610  INFO 61291 --- [    Test worker] pertySourcedRequestMappingHandlerMapping : Mapped URL path [/v2/api-docs] onto method [public org.springframework.http.ResponseEntity<springfox.documentation.spring.web.json.Json> springfox.documentation.swagger2.web.Swagger2Controller.getDocumentation(java.lang.String,javax.servlet.http.HttpServletRequest)]
2020-02-19 16:32:32.882  INFO 61291 --- [    Test worker] o.s.s.concurrent.ThreadPoolTaskExecutor  : Initializing ExecutorService 'applicationTaskExecutor'
2020-02-19 16:32:33.046  INFO 61291 --- [    Test worker] d.s.w.p.DocumentationPluginsBootstrapper : Context refreshed
2020-02-19 16:32:33.061  INFO 61291 --- [    Test worker] d.s.w.p.DocumentationPluginsBootstrapper : Found 1 custom documentation plugin(s)
2020-02-19 16:32:33.082  INFO 61291 --- [    Test worker] s.d.s.w.s.ApiListingReferenceScanner     : Scanning for api listing references
2020-02-19 16:32:33.174  INFO 61291 --- [    Test worker] com.ml.shortener.ApplicationTests        : Started ApplicationTests in 2.539 seconds (JVM running for 3.169)
]]></system-out>
  <system-err><![CDATA[]]></system-err>
</testsuite>
